#
# A fatal error has been detected by the Java Runtime Environment:
#
#  EXCEPTION_ACCESS_VIOLATION (0xc0000005) at pc=0x00007ffc237d16b5, pid=1256, tid=0x00000000000043b4
#
# JRE version: Java(TM) SE Runtime Environment (8.0_212-b10) (build 1.8.0_212-b10)
# Java VM: Java HotSpot(TM) 64-Bit Server VM (25.212-b10 mixed mode windows-amd64 compressed oops)
# Problematic frame:
# C  [ucrtbased.dll+0xd16b5]
#
# Failed to write core dump. Minidumps are not enabled by default on client versions of Windows
#
# If you would like to submit a bug report, please visit:
#   http://bugreport.java.com/bugreport/crash.jsp
# The crash happened outside the Java Virtual Machine in native code.
# See problematic frame for where to report the bug.
#

---------------  T H R E A D  ---------------

Current thread (0x0000000003286000):  JavaThread "main" [_thread_in_native, id=17332, stack(0x0000000003180000,0x0000000003280000)]

siginfo: ExceptionCode=0xc0000005, writing address 0x00007ffc3f8f9926

Registers:
RAX=0x000000000079656b, RBX=0x0000000017980688, RCX=0x00007ffc264bf076, RDX=0x000000001943a8b0
RSP=0x000000000327f248, RBP=0x000000000327f270, RSI=0x0000000000000002, RDI=0x000000000327f3f8
R8 =0x000000001943a8b0, R9 =0x8101010101010100, R10=0x8101010100fefefe, R11=0x00007ffc3f8f9908
R12=0x0000000000000000, R13=0x0000000017980688, R14=0x000000000327f4a0, R15=0x0000000003286000
RIP=0x00007ffc237d16b5, EFLAGS=0x0000000000010202

Top of Stack: (sp=0x000000000327f248)
0x000000000327f248:   00007ffc3f8f1b81 00000000032861f8
0x000000000327f258:   0000000017f072e8 0000000000000000
0x000000000327f268:   00007ffc3f8f98e8 cccccccccccccccc
0x000000000327f278:   0000000017f072e0 cccccccccccccccc
0x000000000327f288:   cccccccccccccccc cccccccccccccccc
0x000000000327f298:   0000000000000032 cccccccccccccccc
0x000000000327f2a8:   cccccccccccccccc cccccccccccccccc
0x000000000327f2b8:   00007ffc3f8f9908 cccccccccccccccc
0x000000000327f2c8:   cccccccccccccccc cccccccccccccccc
0x000000000327f2d8:   0000000017f072e8 cccccccccccccccc
0x000000000327f2e8:   cccccccccccccccc cccccccccccccccc
0x000000000327f2f8:   000000001943a8b0 cccccccccccccccc
0x000000000327f308:   cccccccccccccccc cccccccccccccccc
0x000000000327f318:   cccccccccccccccc cccccccccccccccc
0x000000000327f328:   cccccccccccccccc cccccccccccccccc
0x000000000327f338:   cccccccccccccccc cccccccccccccccc 

Instructions: (pc=0x00007ffc237d16b5)
0x00007ffc237d1695:   fe 7e 4c 03 c8 4c 8b d0 49 83 f2 ff 4d 33 d1 49
0x00007ffc237d16a5:   b9 00 01 01 01 01 01 01 81 4d 85 d1 74 cf 84 c0
0x00007ffc237d16b5:   88 04 11 74 59 48 ff c2 84 e4 88 24 11 74 4f 48
0x00007ffc237d16c5:   ff c2 48 c1 e8 10 84 c0 88 04 11 74 41 48 ff c2 


Register to memory mapping:

RAX=0x000000000079656b is an unknown value
RBX={method} {0x0000000017980690} 'accessField' '()V' in 'JniMain'
RCX=0x00007ffc264bf076 is an unknown value
RDX=0x000000001943a8b0 is an unknown value
RSP=0x000000000327f248 is pointing into the stack for thread: 0x0000000003286000
RBP=0x000000000327f270 is pointing into the stack for thread: 0x0000000003286000
RSI=0x0000000000000002 is an unknown value
RDI=0x000000000327f3f8 is pointing into the stack for thread: 0x0000000003286000
R8 =0x000000001943a8b0 is an unknown value
R9 =0x8101010101010100 is an unknown value
R10=0x8101010100fefefe is an unknown value
R11=0x00007ffc3f8f9908 is an unknown value
R12=0x0000000000000000 is an unknown value
R13={method} {0x0000000017980690} 'accessField' '()V' in 'JniMain'
R14=0x000000000327f4a0 is pointing into the stack for thread: 0x0000000003286000
R15=0x0000000003286000 is a thread


Stack: [0x0000000003180000,0x0000000003280000],  sp=0x000000000327f248,  free space=1020k
Native frames: (J=compiled Java code, j=interpreted, Vv=VM code, C=native code)
C  [ucrtbased.dll+0xd16b5]
C  [Jni.dll+0x11b81]  Java_JniMain_accessField+0xc1
C  0x0000000003398c67

Java frames: (J=compiled Java code, j=interpreted, Vv=VM code)
j  JniMain.accessField()V+0
j  JniMain.main([Ljava/lang/String;)V+53
v  ~StubRoutines::call_stub

---------------  P R O C E S S  ---------------

Java Threads: ( => current thread )
  0x00000000193e2000 JavaThread "Service Thread" daemon [_thread_blocked, id=10176, stack(0x0000000019be0000,0x0000000019ce0000)]
  0x0000000019389000 JavaThread "C1 CompilerThread2" daemon [_thread_blocked, id=16176, stack(0x0000000019ae0000,0x0000000019be0000)]
  0x000000001935f800 JavaThread "C2 CompilerThread1" daemon [_thread_blocked, id=9420, stack(0x00000000199e0000,0x0000000019ae0000)]
  0x0000000019357800 JavaThread "C2 CompilerThread0" daemon [_thread_blocked, id=14324, stack(0x00000000198e0000,0x00000000199e0000)]
  0x0000000019354800 JavaThread "Attach Listener" daemon [_thread_blocked, id=7384, stack(0x00000000197e0000,0x00000000198e0000)]
  0x0000000019353800 JavaThread "Signal Dispatcher" daemon [_thread_blocked, id=15272, stack(0x00000000196e0000,0x00000000197e0000)]
  0x0000000017f48800 JavaThread "Finalizer" daemon [_thread_blocked, id=8272, stack(0x0000000019180000,0x0000000019280000)]
  0x0000000017f19000 JavaThread "Reference Handler" daemon [_thread_blocked, id=14240, stack(0x0000000019080000,0x0000000019180000)]
=>0x0000000003286000 JavaThread "main" [_thread_in_native, id=17332, stack(0x0000000003180000,0x0000000003280000)]

Other Threads:
  0x0000000017f06000 VMThread [stack: 0x0000000018f80000,0x0000000019080000] [id=2444]
  0x0000000019417000 WatcherThread [stack: 0x0000000019ce0000,0x0000000019de0000] [id=16848]

VM state:not at safepoint (normal execution)

VM Mutex/Monitor currently owned by a thread: None

heap address: 0x0000000080e00000, size: 2034 MB, Compressed Oops mode: 32-bit
Narrow klass base: 0x0000000000000000, Narrow klass shift: 3
Compressed class space size: 1073741824 Address: 0x0000000100000000

Heap:
 PSYoungGen      total 38400K, used 1996K [0x00000000d5a00000, 0x00000000d8480000, 0x0000000100000000)
  eden space 33280K, 6% used [0x00000000d5a00000,0x00000000d5bf3348,0x00000000d7a80000)
  from space 5120K, 0% used [0x00000000d7f80000,0x00000000d7f80000,0x00000000d8480000)
  to   space 5120K, 0% used [0x00000000d7a80000,0x00000000d7a80000,0x00000000d7f80000)
 ParOldGen       total 87552K, used 0K [0x0000000080e00000, 0x0000000086380000, 0x00000000d5a00000)
  object space 87552K, 0% used [0x0000000080e00000,0x0000000080e00000,0x0000000086380000)
 Metaspace       used 2562K, capacity 4486K, committed 4864K, reserved 1056768K
  class space    used 281K, capacity 386K, committed 512K, reserved 1048576K

Card table byte_map: [0x0000000012740000,0x0000000012b40000] byte_map_base: 0x0000000012339000

Marking Bits: (ParMarkBitMap*) 0x0000000073985ce0
 Begin Bits: [0x00000000131f0000, 0x00000000151b8000)
 End Bits:   [0x00000000151b8000, 0x0000000017180000)

Polling page: 0x0000000002c80000

CodeCache: size=245760Kb used=1109Kb max_used=1109Kb free=244650Kb
 bounds [0x0000000003380000, 0x00000000035f0000, 0x0000000012380000]
 total_blobs=259 nmethods=24 adapters=149
 compilation: enabled

Compilation events (10 events):
Event: 0.115 Thread 0x0000000019389000   20       3       java.lang.Math::min (11 bytes)
Event: 0.115 Thread 0x0000000019389000 nmethod 20 0x0000000003492b10 code [0x0000000003492c60, 0x0000000003492df0]
Event: 0.115 Thread 0x0000000019389000   21       3       java.lang.AbstractStringBuilder::append (50 bytes)
Event: 0.116 Thread 0x0000000019389000 nmethod 21 0x0000000003492e50 code [0x0000000003493020, 0x0000000003493778]
Event: 0.122 Thread 0x0000000019389000   22       3       java.lang.System::getSecurityManager (4 bytes)
Event: 0.122 Thread 0x0000000019389000 nmethod 22 0x0000000003494290 code [0x00000000034943e0, 0x0000000003494510]
Event: 0.122 Thread 0x0000000019389000   23       3       sun.nio.cs.ext.DoubleByte$Encoder::encodeChar (21 bytes)
Event: 0.122 Thread 0x0000000019389000 nmethod 23 0x0000000003494590 code [0x0000000003494700, 0x00000000034948b0]
Event: 0.122 Thread 0x0000000019389000   24       3       java.io.WinNTFileSystem::normalize (143 bytes)
Event: 0.123 Thread 0x0000000019389000 nmethod 24 0x0000000003494a10 code [0x0000000003494c00, 0x0000000003495428]

GC Heap History (0 events):
No events

Deoptimization events (0 events):
No events

Classes redefined (0 events):
No events

Internal exceptions (2 events):
Event: 0.044 Thread 0x0000000003286000 Exception <a 'java/lang/NoSuchMethodError': Method sun.misc.Unsafe.defineClass(Ljava/lang/String;[BII)Ljava/lang/Class; name or signature does not match> (0x00000000d5a07cb0) thrown at [C:\re\workspace\8-2-build-windows-amd64-cygwin\jdk8u212\12974\hotspot
Event: 0.044 Thread 0x0000000003286000 Exception <a 'java/lang/NoSuchMethodError': Method sun.misc.Unsafe.prefetchRead(Ljava/lang/Object;J)V name or signature does not match> (0x00000000d5a07f98) thrown at [C:\re\workspace\8-2-build-windows-amd64-cygwin\jdk8u212\12974\hotspot\src\share\vm\prim

Events (10 events):
Event: 0.120 loading class java/security/BasicPermissionCollection
Event: 0.120 loading class java/security/BasicPermissionCollection done
Event: 0.120 loading class sun/launcher/LauncherHelper$FXHelper
Event: 0.120 loading class sun/launcher/LauncherHelper$FXHelper done
Event: 0.120 loading class java/lang/Class$MethodArray
Event: 0.120 loading class java/lang/Class$MethodArray done
Event: 0.121 loading class java/lang/Void
Event: 0.121 loading class java/lang/Void done
Event: 0.121 loading class java/lang/ClassLoaderHelper
Event: 0.121 loading class java/lang/ClassLoaderHelper done


Dynamic libraries:
0x00007ff674250000 - 0x00007ff674287000 	C:\Program Files\Java\jre1.8.0_212\bin\javaw.exe
0x00007ffc4d380000 - 0x00007ffc4d56d000 	C:\WINDOWS\SYSTEM32\ntdll.dll
0x00007ffc4b0a0000 - 0x00007ffc4b153000 	C:\WINDOWS\System32\KERNEL32.DLL
0x00007ffc49870000 - 0x00007ffc49b03000 	C:\WINDOWS\System32\KERNELBASE.dll
0x00007ffc472b0000 - 0x00007ffc4733c000 	C:\WINDOWS\SYSTEM32\apphelp.dll
0x00007ffc04e10000 - 0x00007ffc052a1000 	C:\WINDOWS\SYSTEM32\AcLayers.DLL
0x00007ffc4a5a0000 - 0x00007ffc4a63e000 	C:\WINDOWS\System32\msvcrt.dll
0x00007ffc4af00000 - 0x00007ffc4b097000 	C:\WINDOWS\System32\USER32.dll
0x00007ffc49460000 - 0x00007ffc49480000 	C:\WINDOWS\System32\win32u.dll
0x00007ffc4c6c0000 - 0x00007ffc4c6e9000 	C:\WINDOWS\System32\GDI32.dll
0x00007ffc49c80000 - 0x00007ffc49e19000 	C:\WINDOWS\System32\gdi32full.dll
0x00007ffc49b60000 - 0x00007ffc49c00000 	C:\WINDOWS\System32\msvcp_win.dll
0x00007ffc49480000 - 0x00007ffc4957a000 	C:\WINDOWS\System32\ucrtbase.dll
0x00007ffc4ca40000 - 0x00007ffc4ca92000 	C:\WINDOWS\System32\SHLWAPI.dll
0x00007ffc4ab60000 - 0x00007ffc4ae8c000 	C:\WINDOWS\System32\combase.dll
0x00007ffc4aa30000 - 0x00007ffc4ab52000 	C:\WINDOWS\System32\RPCRT4.dll
0x00007ffc49c00000 - 0x00007ffc49c7e000 	C:\WINDOWS\System32\bcryptPrimitives.dll
0x00007ffc4c860000 - 0x00007ffc4c903000 	C:\WINDOWS\System32\ADVAPI32.dll
0x00007ffc4a6f0000 - 0x00007ffc4a78e000 	C:\WINDOWS\System32\sechost.dll
0x0000000000cc0000 - 0x0000000000cc3000 	C:\WINDOWS\SYSTEM32\sfc.dll
0x00007ffc3d630000 - 0x00007ffc3d6b9000 	C:\WINDOWS\SYSTEM32\WINSPOOL.DRV
0x00007ffc49370000 - 0x00007ffc49381000 	C:\WINDOWS\System32\kernel.appcore.dll
0x00007ffc4a570000 - 0x00007ffc4a596000 	C:\WINDOWS\System32\bcrypt.dll
0x00007ffc47e30000 - 0x00007ffc47fd9000 	C:\WINDOWS\SYSTEM32\PROPSYS.dll
0x00007ffc4cf20000 - 0x00007ffc4cfe4000 	C:\WINDOWS\System32\OLEAUT32.dll
0x00007ffc4a790000 - 0x00007ffc4a838000 	C:\WINDOWS\System32\shcore.dll
0x00007ffc488a0000 - 0x00007ffc488dd000 	C:\WINDOWS\SYSTEM32\IPHLPAPI.DLL
0x00007ffc471e0000 - 0x00007ffc471f2000 	C:\WINDOWS\SYSTEM32\sfc_os.DLL
0x00007ffc4a8a0000 - 0x00007ffc4a8ce000 	C:\WINDOWS\System32\IMM32.DLL
0x00007ffc3d6c0000 - 0x00007ffc3d939000 	C:\WINDOWS\WinSxS\amd64_microsoft.windows.common-controls_6595b64144ccf1df_6.0.17763.864_none_05b3441807210760\COMCTL32.dll
0x0000000072fd0000 - 0x00000000730a2000 	C:\Program Files\Java\jre1.8.0_212\bin\msvcr100.dll
0x0000000073160000 - 0x0000000073a05000 	C:\Program Files\Java\jre1.8.0_212\bin\server\jvm.dll
0x00007ffc4c910000 - 0x00007ffc4c918000 	C:\WINDOWS\System32\PSAPI.DLL
0x00007ffc430c0000 - 0x00007ffc430c9000 	C:\WINDOWS\SYSTEM32\WSOCK32.dll
0x00007ffc4c9a0000 - 0x00007ffc4ca0d000 	C:\WINDOWS\System32\WS2_32.dll
0x00007ffc471b0000 - 0x00007ffc471d4000 	C:\WINDOWS\SYSTEM32\WINMM.dll
0x00007ffc446f0000 - 0x00007ffc446fa000 	C:\WINDOWS\SYSTEM32\VERSION.dll
0x00007ffc47180000 - 0x00007ffc471ad000 	C:\WINDOWS\SYSTEM32\WINMMBASE.dll
0x00007ffc49b10000 - 0x00007ffc49b5a000 	C:\WINDOWS\System32\cfgmgr32.dll
0x00007ffc45ba0000 - 0x00007ffc45baf000 	C:\Program Files\Java\jre1.8.0_212\bin\verify.dll
0x00007ffc30cc0000 - 0x00007ffc30ce9000 	C:\Program Files\Java\jre1.8.0_212\bin\java.dll
0x00007ffc36040000 - 0x00007ffc36056000 	C:\Program Files\Java\jre1.8.0_212\bin\zip.dll
0x00007ffc4b1c0000 - 0x00007ffc4c6b4000 	C:\WINDOWS\System32\SHELL32.dll
0x00007ffc49e20000 - 0x00007ffc4a56d000 	C:\WINDOWS\System32\windows.storage.dll
0x00007ffc49410000 - 0x00007ffc49434000 	C:\WINDOWS\System32\profapi.dll
0x00007ffc493b0000 - 0x00007ffc4940d000 	C:\WINDOWS\System32\powrprof.dll
0x00007ffc49440000 - 0x00007ffc49457000 	C:\WINDOWS\System32\cryptsp.dll
0x00007ffc3f8e0000 - 0x00007ffc3f905000 	D:\WORK\workspace4.x\JniDemo\Jni.dll
0x00007ffc3f8b0000 - 0x00007ffc3f8d2000 	C:\WINDOWS\SYSTEM32\VCRUNTIME140D.dll
0x00007ffc23700000 - 0x00007ffc238bb000 	C:\WINDOWS\SYSTEM32\ucrtbased.dll
0x00007ffc38830000 - 0x00007ffc38a1d000 	C:\WINDOWS\SYSTEM32\dbghelp.dll

VM Arguments:
jvm_args: -Dfile.encoding=GBK 
java_command: JniMain
java_class_path (initial): D:\WORK\workspace4.x\JniDemo\bin
Launcher Type: SUN_STANDARD

Environment Variables:
JAVA_HOME=C:\Program Files\Java\jdk1.8.0_212
CLASSPATH=.;C:\Program Files\Java\jdk1.8.0_212\bin;C:\Program Files\Java\jdk1.8.0_212\lib\dt.jar;C:\Program Files\Java\jdk1.8.0_212\lib\tools.jar;D:\SoftWare install\apache-tomcat-9.0.26-windows-x64\apache-tomcat-9.0.26\lib\servlet-api.jar;
PATH=C:/Program Files/Java/jre1.8.0_212/bin/server;C:/Program Files/Java/jre1.8.0_212/bin;C:/Program Files/Java/jre1.8.0_212/lib/amd64;C:\Program Files (x86)\Common Files\Oracle\Java\javapath;C:\WINDOWS\system32;C:\WINDOWS;C:\WINDOWS\System32\Wbem;C:\WINDOWS\System32\WindowsPowerShell\v1.0\;C:\WINDOWS\System32\OpenSSH\;C:\Program Files\Git\cmd;C:\Program Files\Java\jdk1.8.0_212\bin;C:\Program Files\Java\jdk1.8.0_212\jre\bin;C:\Users\JasonChen\AppData\Local\Android\Sdk\platform-tools;C:\Users\JasonChen\AppData\Local\Android\Sdk\tools;C:\Program Files\TortoiseSVN\bin;C:\WINDOWS\system32\config\systemprofile\.dnx\bin;C:\Program Files\Microsoft DNX\Dnvm\;C:\Program Files\Microsoft SQL Server\120\Tools\Binn\;C:\Program Files\Microsoft SQL Server\130\Tools\Binn\;C:\Program Files (x86)\Windows Kits\8.1\Windows Performance Toolkit\;D:\jason_work\nodejs\;D:\Program Files (x86)\Appium;D:\SoftWare install\apache-tomcat-9.0.26-windows-x64\apache-tomcat-9.0.26\bin;D:\SoftWare install\apache-tomcat-9.0.26-windows-x64\apache-tomcat-9.0.26\lib;C:\Users\JasonChen\AppData\Local\Microsoft\WindowsApps;C:\Users\JasonChen\AppData\Roaming\npm;D:\Program Files\JetBrains\IntelliJ IDEA 2019.1.3\bin;;D:\SoftWare install\adt-bundle-windows-x86_64_with_Android_5.0\adt-bundle-windows-x86_64_with_Android_5.0\eclipse;
USERNAME=JasonChen
OS=Windows_NT
PROCESSOR_IDENTIFIER=Intel64 Family 6 Model 94 Stepping 3, GenuineIntel



---------------  S Y S T E M  ---------------

OS: Windows 10.0 , 64 bit Build 17763 (10.0.17763.475)

CPU:total 4 (initial active 4) (4 cores per cpu, 1 threads per core) family 6 model 94 stepping 3, cmov, cx8, fxsr, mmx, sse, sse2, sse3, ssse3, sse4.1, sse4.2, popcnt, avx, avx2, aes, clmul, erms, rtm, 3dnowpref, lzcnt, tsc, tscinvbit, bmi1, bmi2, adx

Memory: 4k page, physical 8329664k(2472044k free), swap 14096832k(3926824k free)

vm_info: Java HotSpot(TM) 64-Bit Server VM (25.212-b10) for windows-amd64 JRE (1.8.0_212-b10), built on Apr  1 2019 22:50:23 by "java_re" with MS VC++ 10.0 (VS2010)

time: Fri Nov 29 14:37:51 2019
timezone: 中国标准时间
elapsed time: 0 seconds (0d 0h 0m 0s)

